<?xml version="1.0" encoding="UTF-8"?>
<testsuite xmlns:xsi="http://www.w3.org/2001/XMLSchema-instance" xsi:noNamespaceSchemaLocation="https://maven.apache.org/surefire/maven-surefire-plugin/xsd/surefire-test-report.xsd" name="cucumber.Options.TestRunner" time="52.149" tests="15" errors="0" skipped="0" failures="3">
  <properties>
[...]
</properties>
  <testcase name="Verify validation if place is being successfully added by using AddPlaceAPI" classname="Postive flow scenarios" time="7.954"/>
  <testcase name="Verify validation if Delete Place functionality is working" classname="Postive flow scenarios" time="2.59"/>
  <testcase name="File 1 Verify validation if place is being successfully added by using AddPlaceAPI" classname="File 1 scenarios" time="3.189"/>
  <testcase name="File 1 Verify validation if Delete Place functionality is working" classname="File 1 scenarios" time="4.923"/>
  <testcase name="File 2 Verify validation if place is being successfully added by using AddPlaceAPI" classname="File 2 scenarios" time="2.758"/>
  <testcase name="File 2 Verify validation if Delete Place functionality is working" classname="File 2 scenarios" time="2.372"/>
  <testcase name="File 3 Verify validation if place is being successfully added by using AddPlaceAPI" classname="File 3 scenarios" time="0.661">
    <failure message="expected:&lt;OK[]&gt; but was:&lt;OK[1]&gt;" type="org.junit.ComparisonFailure"><![CDATA[org.junit.ComparisonFailure: expected:<OK[]> but was:<OK[1]>
]]></failure>
    <system-out><![CDATA[/maps/api/place/add/json
]]></system-out>
  </testcase>
  <testcase name="File 3 Verify validation if Delete Place functionality is working" classname="File 3 scenarios" time="2.724">
    <failure message="expected:&lt;404&gt; but was:&lt;200&gt;" type="java.lang.AssertionError"><![CDATA[java.lang.AssertionError: expected:<404> but was:<200>
]]></failure>
    <system-out><![CDATA[/maps/api/place/delete/json
]]></system-out>
  </testcase>
  <testcase name="File 4 Verify validation if place is being successfully added by using AddPlaceAPI" classname="File 4 scenarios" time="2.899"/>
  <testcase name="File 4 Verify validation if Delete Place functionality is working" classname="File 4 scenarios" time="2.449"/>
  <testcase name="Verify if place is being successfully added by using AddPlaceAPI #1" classname="validating place API&apos;s" time="2.985"/>
  <testcase name="Verify if place is being successfully added by using AddPlaceAPI #2" classname="validating place API&apos;s" time="2.879"/>
  <testcase name="Verify if place is being successfully added by using AddPlaceAPI #3" classname="validating place API&apos;s" time="2.635"/>
  <testcase name="Verify if place is being successfully added by using AddPlaceAPI #4" classname="validating place API&apos;s" time="2.66"/>
  <testcase name="Verify if Delete Place functionality is working" classname="validating place API&apos;s" time="2.386">
    <failure message="expected:&lt;OK[]&gt; but was:&lt;OK[1]&gt;" type="org.junit.ComparisonFailure"><![CDATA[org.junit.ComparisonFailure: expected:<OK[]> but was:<OK[1]>
]]></failure>
    <system-out><![CDATA[/maps/api/place/delete/json
]]></system-out>
  </testcase>
</testsuite>